<?xml version="1.0" encoding="UTF-8"?>
<!-- Generated by org.testng.reporters.JUnitReportReporter -->
<testsuite hostname="DESKTOP-OSM8RH8" failures="0" tests="3" name="com.crm.qa.tests.HomePageTest" time="113.921" errors="0" timestamp="2024-07-15T10:51:52 IST" skipped="0">
  <testcase classname="com.crm.qa.tests.HomePageTest" name="verifyHomePageTitleTest" time="40.816"/>
  <system-out/>
  <testcase classname="com.crm.qa.tests.HomePageTest" name="verifyUserNameTest" time="31.651"/>
  <system-out/>
  <testcase classname="com.crm.qa.tests.HomePageTest" name="verifyContactsLinkTest" time="41.454"/>
  <system-out/>
</testsuite> <!-- com.crm.qa.tests.HomePageTest -->
