<?xml version="1.0" encoding="UTF-8"?>
<!-- Generated by org.testng.reporters.JUnitReportReporter -->
<testsuite hostname="DESKTOP-OSM8RH8" failures="0" tests="3" name="com.crm.qa.tests.LoginPageTest" time="106.154" errors="0" timestamp="2024-07-15T10:51:52 IST" skipped="0">
  <testcase classname="com.crm.qa.tests.LoginPageTest" name="LoginPageTitleTest" time="22.640"/>
  <system-out/>
  <testcase classname="com.crm.qa.tests.LoginPageTest" name="crmLogoTest" time="47.122"/>
  <system-out/>
  <testcase classname="com.crm.qa.tests.LoginPageTest" name="LoginTest" time="36.392"/>
  <system-out/>
</testsuite> <!-- com.crm.qa.tests.LoginPageTest -->
